<?xml version="1.0" encoding="utf-8" ?>
<!DOCTYPE html PUBLIC "-//W3C//DTD XHTML 1.0 Strict//EN"
        "http://www.w3.org/TR/xhtml1/DTD/xhtml1-strict.dtd">
<html xmlns="http://www.w3.org/1999/xhtml" xml:lang="" lang="">
<head>
  <title>Test Results - successful</title>
  <meta http-equiv="Content-Type" content="text/html;charset=utf-8" />
  <meta name="description" content="TestNG unit test results." />
  <link href="reportng.css" rel="stylesheet" type="text/css" />
    <script type="text/javascript" src="reportng.js"></script>
</head>
<body>
<h1>successful</h1>
<p>
  Test duration: 0.000s
</p>



  <table class="resultsTable">
    <tr><th colspan="3" class="header failed">Failed Tests</th></tr>
          <tr>
        <td colspan="3" class="group">com.epam.lab.GmailTest</td>
      </tr>
            
<tr>
  <td class="method">
                  testGmailFunctionality
      </td>
  <td class="duration">
    0.000s
  </td>
  <td class="result">
        
    
        

        <a href="javascript:toggleElement('exception-0', 'block')" title="Click to expand/collapse"><b>java.lang.RuntimeException: javax.xml.bind.UnmarshalException<br/>
 - with linked exception:<br/>
[java.io.FileNotFoundException: D:\Bohdan Horokh\Main\GmailTestingFramework\target\src\main\resources\users.xml (The system cannot find the path specified)]</b></a><br />
    <div class="stackTrace" id="exception-0">
              org.testng.internal.MethodInvocationHelper.invokeDataProvider(MethodInvocationHelper.java:161)<br />
              org.testng.internal.Parameters.handleParameters(Parameters.java:429)<br />
              org.testng.internal.Invoker.handleParameters(Invoker.java:1383)<br />
              org.testng.internal.Invoker.createParameters(Invoker.java:1075)<br />
              org.testng.internal.Invoker.invokeTestMethods(Invoker.java:1180)<br />
              org.testng.internal.TestMethodWorker.invokeTestMethods(TestMethodWorker.java:127)<br />
              org.testng.internal.TestMethodWorker.run(TestMethodWorker.java:111)<br />
              org.testng.TestRunner.privateRun(TestRunner.java:767)<br />
              org.testng.TestRunner.run(TestRunner.java:617)<br />
              org.testng.SuiteRunner.runTest(SuiteRunner.java:348)<br />
              org.testng.SuiteRunner.runSequentially(SuiteRunner.java:343)<br />
              org.testng.SuiteRunner.privateRun(SuiteRunner.java:305)<br />
              org.testng.SuiteRunner.run(SuiteRunner.java:254)<br />
              org.testng.SuiteRunnerWorker.runSuite(SuiteRunnerWorker.java:52)<br />
              org.testng.SuiteRunnerWorker.run(SuiteRunnerWorker.java:86)<br />
              org.testng.TestNG.runSuitesSequentially(TestNG.java:1224)<br />
              org.testng.TestNG.runSuitesLocally(TestNG.java:1149)<br />
              org.testng.TestNG.run(TestNG.java:1057)<br />
              org.apache.maven.surefire.testng.TestNGExecutor.run(TestNGExecutor.java:281)<br />
              org.apache.maven.surefire.testng.TestNGXmlTestSuite.execute(TestNGXmlTestSuite.java:75)<br />
              org.apache.maven.surefire.testng.TestNGProvider.invoke(TestNGProvider.java:121)<br />
              org.apache.maven.surefire.booter.ForkedBooter.invokeProviderInSameClassLoader(ForkedBooter.java:290)<br />
              org.apache.maven.surefire.booter.ForkedBooter.runSuitesInProcess(ForkedBooter.java:242)<br />
              org.apache.maven.surefire.booter.ForkedBooter.main(ForkedBooter.java:121)<br />
                    <b>Caused by: </b> <a href="javascript:toggleElement('exception-1', 'block')" title="Click to expand/collapse">javax.xml.bind.UnmarshalException<br/>
 - with linked exception:<br/>
[java.io.FileNotFoundException: D:\Bohdan Horokh\Main\GmailTestingFramework\target\src\main\resources\users.xml (The system cannot find the path specified)]</a><br />
        <div class="stackTrace" id="exception-1">
                      com.sun.xml.internal.bind.v2.runtime.unmarshaller.UnmarshallerImpl.unmarshal0(UnmarshallerImpl.java:246)<br />
                      com.sun.xml.internal.bind.v2.runtime.unmarshaller.UnmarshallerImpl.unmarshal(UnmarshallerImpl.java:214)<br />
                      javax.xml.bind.helpers.AbstractUnmarshallerImpl.unmarshal(AbstractUnmarshallerImpl.java:157)<br />
                      javax.xml.bind.helpers.AbstractUnmarshallerImpl.unmarshal(AbstractUnmarshallerImpl.java:162)<br />
                      javax.xml.bind.helpers.AbstractUnmarshallerImpl.unmarshal(AbstractUnmarshallerImpl.java:171)<br />
                      javax.xml.bind.helpers.AbstractUnmarshallerImpl.unmarshal(AbstractUnmarshallerImpl.java:189)<br />
                      com.epam.lab.util.DataUtils.readUsersData(DataUtils.java:34)<br />
                      com.epam.lab.GmailTest.getAccounts(GmailTest.java:36)<br />
                      sun.reflect.NativeMethodAccessorImpl.invoke0(Native Method)<br />
                      sun.reflect.NativeMethodAccessorImpl.invoke(NativeMethodAccessorImpl.java:62)<br />
                      sun.reflect.DelegatingMethodAccessorImpl.invoke(DelegatingMethodAccessorImpl.java:43)<br />
                      java.lang.reflect.Method.invoke(Method.java:498)<br />
                      org.testng.internal.MethodInvocationHelper.invokeMethod(MethodInvocationHelper.java:84)<br />
                      org.testng.internal.MethodInvocationHelper.invokeDataProvider(MethodInvocationHelper.java:135)<br />
                      org.testng.internal.Parameters.handleParameters(Parameters.java:429)<br />
                      org.testng.internal.Invoker.handleParameters(Invoker.java:1383)<br />
                      org.testng.internal.Invoker.createParameters(Invoker.java:1075)<br />
                      org.testng.internal.Invoker.invokeTestMethods(Invoker.java:1180)<br />
                      org.testng.internal.TestMethodWorker.invokeTestMethods(TestMethodWorker.java:127)<br />
                      org.testng.internal.TestMethodWorker.run(TestMethodWorker.java:111)<br />
                      org.testng.TestRunner.privateRun(TestRunner.java:767)<br />
                      org.testng.TestRunner.run(TestRunner.java:617)<br />
                      org.testng.SuiteRunner.runTest(SuiteRunner.java:348)<br />
                      org.testng.SuiteRunner.runSequentially(SuiteRunner.java:343)<br />
                      org.testng.SuiteRunner.privateRun(SuiteRunner.java:305)<br />
                      org.testng.SuiteRunner.run(SuiteRunner.java:254)<br />
                      org.testng.SuiteRunnerWorker.runSuite(SuiteRunnerWorker.java:52)<br />
                      org.testng.SuiteRunnerWorker.run(SuiteRunnerWorker.java:86)<br />
                      org.testng.TestNG.runSuitesSequentially(TestNG.java:1224)<br />
                      org.testng.TestNG.runSuitesLocally(TestNG.java:1149)<br />
                      org.testng.TestNG.run(TestNG.java:1057)<br />
                      org.apache.maven.surefire.testng.TestNGExecutor.run(TestNGExecutor.java:281)<br />
                      org.apache.maven.surefire.testng.TestNGXmlTestSuite.execute(TestNGXmlTestSuite.java:75)<br />
                      org.apache.maven.surefire.testng.TestNGProvider.invoke(TestNGProvider.java:121)<br />
                      org.apache.maven.surefire.booter.ForkedBooter.invokeProviderInSameClassLoader(ForkedBooter.java:290)<br />
                      org.apache.maven.surefire.booter.ForkedBooter.runSuitesInProcess(ForkedBooter.java:242)<br />
                      org.apache.maven.surefire.booter.ForkedBooter.main(ForkedBooter.java:121)<br />
                  </div>
              <b>Caused by: </b> <a href="javascript:toggleElement('exception-2', 'block')" title="Click to expand/collapse">java.io.FileNotFoundException: D:\Bohdan Horokh\Main\GmailTestingFramework\target\src\main\resources\users.xml (The system cannot find the path specified)</a><br />
        <div class="stackTrace" id="exception-2">
                      java.io.FileInputStream.open0(Native Method)<br />
                      java.io.FileInputStream.open(FileInputStream.java:195)<br />
                      java.io.FileInputStream.&lt;init&gt;(FileInputStream.java:138)<br />
                      java.io.FileInputStream.&lt;init&gt;(FileInputStream.java:93)<br />
                      sun.net.www.protocol.file.FileURLConnection.connect(FileURLConnection.java:90)<br />
                      sun.net.www.protocol.file.FileURLConnection.getInputStream(FileURLConnection.java:188)<br />
                      org.apache.xerces.impl.XMLEntityManager.setupCurrentEntity(Unknown Source)<br />
                      org.apache.xerces.impl.XMLVersionDetector.determineDocVersion(Unknown Source)<br />
                      org.apache.xerces.parsers.XML11Configuration.parse(Unknown Source)<br />
                      org.apache.xerces.parsers.XML11Configuration.parse(Unknown Source)<br />
                      org.apache.xerces.parsers.XMLParser.parse(Unknown Source)<br />
                      org.apache.xerces.parsers.AbstractSAXParser.parse(Unknown Source)<br />
                      org.apache.xerces.jaxp.SAXParserImpl$JAXPSAXParser.parse(Unknown Source)<br />
                      com.sun.xml.internal.bind.v2.runtime.unmarshaller.UnmarshallerImpl.unmarshal0(UnmarshallerImpl.java:243)<br />
                      com.sun.xml.internal.bind.v2.runtime.unmarshaller.UnmarshallerImpl.unmarshal(UnmarshallerImpl.java:214)<br />
                      javax.xml.bind.helpers.AbstractUnmarshallerImpl.unmarshal(AbstractUnmarshallerImpl.java:157)<br />
                      javax.xml.bind.helpers.AbstractUnmarshallerImpl.unmarshal(AbstractUnmarshallerImpl.java:162)<br />
                      javax.xml.bind.helpers.AbstractUnmarshallerImpl.unmarshal(AbstractUnmarshallerImpl.java:171)<br />
                      javax.xml.bind.helpers.AbstractUnmarshallerImpl.unmarshal(AbstractUnmarshallerImpl.java:189)<br />
                      com.epam.lab.util.DataUtils.readUsersData(DataUtils.java:34)<br />
                      com.epam.lab.GmailTest.getAccounts(GmailTest.java:36)<br />
                      sun.reflect.NativeMethodAccessorImpl.invoke0(Native Method)<br />
                      sun.reflect.NativeMethodAccessorImpl.invoke(NativeMethodAccessorImpl.java:62)<br />
                      sun.reflect.DelegatingMethodAccessorImpl.invoke(DelegatingMethodAccessorImpl.java:43)<br />
                      java.lang.reflect.Method.invoke(Method.java:498)<br />
                      org.testng.internal.MethodInvocationHelper.invokeMethod(MethodInvocationHelper.java:84)<br />
                      org.testng.internal.MethodInvocationHelper.invokeDataProvider(MethodInvocationHelper.java:135)<br />
                      org.testng.internal.Parameters.handleParameters(Parameters.java:429)<br />
                      org.testng.internal.Invoker.handleParameters(Invoker.java:1383)<br />
                      org.testng.internal.Invoker.createParameters(Invoker.java:1075)<br />
                      org.testng.internal.Invoker.invokeTestMethods(Invoker.java:1180)<br />
                      org.testng.internal.TestMethodWorker.invokeTestMethods(TestMethodWorker.java:127)<br />
                      org.testng.internal.TestMethodWorker.run(TestMethodWorker.java:111)<br />
                      org.testng.TestRunner.privateRun(TestRunner.java:767)<br />
                      org.testng.TestRunner.run(TestRunner.java:617)<br />
                      org.testng.SuiteRunner.runTest(SuiteRunner.java:348)<br />
                      org.testng.SuiteRunner.runSequentially(SuiteRunner.java:343)<br />
                      org.testng.SuiteRunner.privateRun(SuiteRunner.java:305)<br />
                      org.testng.SuiteRunner.run(SuiteRunner.java:254)<br />
                      org.testng.SuiteRunnerWorker.runSuite(SuiteRunnerWorker.java:52)<br />
                      org.testng.SuiteRunnerWorker.run(SuiteRunnerWorker.java:86)<br />
                      org.testng.TestNG.runSuitesSequentially(TestNG.java:1224)<br />
                      org.testng.TestNG.runSuitesLocally(TestNG.java:1149)<br />
                      org.testng.TestNG.run(TestNG.java:1057)<br />
                      org.apache.maven.surefire.testng.TestNGExecutor.run(TestNGExecutor.java:281)<br />
                      org.apache.maven.surefire.testng.TestNGXmlTestSuite.execute(TestNGXmlTestSuite.java:75)<br />
                      org.apache.maven.surefire.testng.TestNGProvider.invoke(TestNGProvider.java:121)<br />
                      org.apache.maven.surefire.booter.ForkedBooter.invokeProviderInSameClassLoader(ForkedBooter.java:290)<br />
                      org.apache.maven.surefire.booter.ForkedBooter.runSuitesInProcess(ForkedBooter.java:242)<br />
                      org.apache.maven.surefire.booter.ForkedBooter.main(ForkedBooter.java:121)<br />
                  </div>
          </div>
      </td>
</tr>
      </table>


  
</body>
</html>
